<?xml version="1.0" encoding="utf-8" standalone="no"?>
<!--This file represents the results of running a test suite-->
<test-results name="C:\Dev\DependencyInjection\CodePlexContainer\Tests.CodePlex.DependencyInjection\bin\Release\Tests.CodePlex.DependencyInjection.dll" total="26" failures="0" not-run="0" date="2007-08-29" time="10:09:18">
  <environment nunit-version="2.2.10.0" clr-version="2.0.50727.1378" os-version="Microsoft Windows NT 5.1.2600 Service Pack 2" platform="Win32NT" cwd="C:\Dev\DependencyInjection\CodePlexContainer" machine-name="BRADWILS-VMXP" user="bradwils" user-domain="REDMOND" />
  <culture-info current-culture="en-US" current-uiculture="en-US" />
  <test-suite name="C:\Dev\DependencyInjection\CodePlexContainer\Tests.CodePlex.DependencyInjection\bin\Release\Tests.CodePlex.DependencyInjection.dll" success="True" time="0.374" asserts="0">
    <results>
      <test-suite name="C:\Dev\DependencyInjection\CodePlexContainer\Tests.CodePlex.DependencyInjection\bin\Release\Tests.CodePlex.DependencyInjection.dll" success="True" time="0.343" asserts="0">
        <results>
          <test-suite name="CodePlex" success="True" time="0.343" asserts="0">
            <results>
              <test-suite name="DependencyInjection" success="True" time="0.343" asserts="0">
                <results>
                  <test-suite name="DependencyContainerTest+Configuration" success="True" time="0.062" asserts="0">
                    <results>
                      <test-case name="CodePlex.DependencyInjection.DependencyContainerTest+Configuration.CallsConfiguratorDuringInitialization" executed="True" success="True" time="0.047" asserts="0" />
                    </results>
                  </test-suite>
                  <test-suite name="DependencyContainerTest+EventBroker" success="True" time="0.062" asserts="0">
                    <results>
                      <test-case name="CodePlex.DependencyInjection.DependencyContainerTest+EventBroker.RegisterByAttributes" executed="True" success="True" time="0.047" asserts="0" />
                      <test-case name="CodePlex.DependencyInjection.DependencyContainerTest+EventBroker.RegisterByCode" executed="True" success="True" time="0.016" asserts="0" />
                    </results>
                  </test-suite>
                  <test-suite name="DependencyContainerTest+ExistingObjects" success="True" time="0.016" asserts="0">
                    <results>
                      <test-case name="CodePlex.DependencyInjection.DependencyContainerTest+ExistingObjects.CanInjectExistingObject" executed="True" success="True" time="0.000" asserts="0" />
                      <test-case name="CodePlex.DependencyInjection.DependencyContainerTest+ExistingObjects.NullThrows" executed="True" success="True" time="0.016" asserts="0" />
                    </results>
                  </test-suite>
                  <test-suite name="DependencyContainerTest+InterceptInterface" success="True" time="0.062" asserts="0">
                    <results>
                      <test-case name="CodePlex.DependencyInjection.DependencyContainerTest+InterceptInterface.ExceptionsAreUnchanged" executed="True" success="True" time="0.062" asserts="0" />
                      <test-case name="CodePlex.DependencyInjection.DependencyContainerTest+InterceptInterface.InterceptViaAttributes" executed="True" success="True" time="0.000" asserts="0" />
                      <test-case name="CodePlex.DependencyInjection.DependencyContainerTest+InterceptInterface.InterceptViaCode" executed="True" success="True" time="0.000" asserts="0" />
                    </results>
                  </test-suite>
                  <test-suite name="DependencyContainerTest+InterceptInterface_GenericMethods" success="True" time="0.016" asserts="0">
                    <results>
                      <test-case name="CodePlex.DependencyInjection.DependencyContainerTest+InterceptInterface_GenericMethods.GenericMethodOnNonGenericInterface" executed="True" success="True" time="0.016" asserts="0" />
                    </results>
                  </test-suite>
                  <test-suite name="DependencyContainerTest+InterceptInterface_Properties" success="True" time="0.016" asserts="0">
                    <results>
                      <test-case name="CodePlex.DependencyInjection.DependencyContainerTest+InterceptInterface_Properties.CanInterceptPropertySettersAndGetters" executed="True" success="True" time="0.016" asserts="0" />
                    </results>
                  </test-suite>
                  <test-suite name="DependencyContainerTest+InterceptRemoting" success="True" time="0.016" asserts="0">
                    <results>
                      <test-case name="CodePlex.DependencyInjection.DependencyContainerTest+InterceptRemoting.InterceptViaAttributes" executed="True" success="True" time="0.000" asserts="0" />
                      <test-case name="CodePlex.DependencyInjection.DependencyContainerTest+InterceptRemoting.InterceptViaCode" executed="True" success="True" time="0.016" asserts="0" />
                      <test-case name="CodePlex.DependencyInjection.DependencyContainerTest+InterceptRemoting.InterfacesNotSupported" executed="True" success="True" time="0.000" asserts="0" />
                    </results>
                  </test-suite>
                  <test-suite name="DependencyContainerTest+InterceptVirtual" success="True" time="0.031" asserts="0">
                    <results>
                      <test-case name="CodePlex.DependencyInjection.DependencyContainerTest+InterceptVirtual.ExceptionsAreUnchanged" executed="True" success="True" time="0.016" asserts="0" />
                      <test-case name="CodePlex.DependencyInjection.DependencyContainerTest+InterceptVirtual.InterceptViaAttributes" executed="True" success="True" time="0.016" asserts="0" />
                      <test-case name="CodePlex.DependencyInjection.DependencyContainerTest+InterceptVirtual.InterceptViaCode" executed="True" success="True" time="0.000" asserts="0" />
                    </results>
                  </test-suite>
                  <test-suite name="DependencyContainerTest+InterceptVirtual_Generics" success="True" time="0.031" asserts="0">
                    <results>
                      <test-case name="CodePlex.DependencyInjection.DependencyContainerTest+InterceptVirtual_Generics.GenericMethodOnGenericClass" executed="True" success="True" time="0.016" asserts="0" />
                      <test-case name="CodePlex.DependencyInjection.DependencyContainerTest+InterceptVirtual_Generics.GenericMethodOnNonGenericClass" executed="True" success="True" time="0.000" asserts="0" />
                      <test-case name="CodePlex.DependencyInjection.DependencyContainerTest+InterceptVirtual_Generics.NonGenericMethodOnGenericClass" executed="True" success="True" time="0.016" asserts="0" />
                    </results>
                  </test-suite>
                  <test-suite name="DependencyContainerTest+Singletons" success="True" time="0.000" asserts="0">
                    <results>
                      <test-case name="CodePlex.DependencyInjection.DependencyContainerTest+Singletons.CanRegisterSingletonInstance" executed="True" success="True" time="0.000" asserts="0" />
                      <test-case name="CodePlex.DependencyInjection.DependencyContainerTest+Singletons.CanRegisterTypesToBeConsideredCached" executed="True" success="True" time="0.000" asserts="0" />
                      <test-case name="CodePlex.DependencyInjection.DependencyContainerTest+Singletons.NestedContainerCanReturnObjectsFromInnerContainer" executed="True" success="True" time="0.000" asserts="0" />
                      <test-case name="CodePlex.DependencyInjection.DependencyContainerTest+Singletons.ObjectsAreNotSingletonByDefault" executed="True" success="True" time="0.000" asserts="0" />
                    </results>
                  </test-suite>
                  <test-suite name="DependencyContainerTest+TypeMapping" success="True" time="0.016" asserts="0">
                    <results>
                      <test-case name="CodePlex.DependencyInjection.DependencyContainerTest+TypeMapping.CanRegisterTypeMapping" executed="True" success="True" time="0.000" asserts="0" />
                      <test-case name="CodePlex.DependencyInjection.DependencyContainerTest+TypeMapping.CanTypeMapFromGenericToGeneric" executed="True" success="True" time="0.000" asserts="0" />
                      <test-case name="CodePlex.DependencyInjection.DependencyContainerTest+TypeMapping.SettingTypeMappingOnInnerContainerAffectsOuterContainer" executed="True" success="True" time="0.016" asserts="0" />
                    </results>
                  </test-suite>
                </results>
              </test-suite>
            </results>
          </test-suite>
        </results>
      </test-suite>
    </results>
  </test-suite>
</test-results>