<?xml version="1.0" encoding="utf-8" standalone="no"?>
<!--This file represents the results of running a test suite-->
<test-results name="C:\Dev\DependencyInjection\ObjectBuilder\Tests.ObjectBuilder.EventBroker\bin\Release\Tests.ObjectBuilder.EventBroker.dll" total="22" failures="0" not-run="0" date="2007-08-29" time="10:09:13">
  <environment nunit-version="2.2.10.0" clr-version="2.0.50727.1378" os-version="Microsoft Windows NT 5.1.2600 Service Pack 2" platform="Win32NT" cwd="C:\Dev\DependencyInjection\ObjectBuilder" machine-name="BRADWILS-VMXP" user="bradwils" user-domain="REDMOND" />
  <culture-info current-culture="en-US" current-uiculture="en-US" />
  <test-suite name="C:\Dev\DependencyInjection\ObjectBuilder\Tests.ObjectBuilder.EventBroker\bin\Release\Tests.ObjectBuilder.EventBroker.dll" success="True" time="0.140" asserts="0">
    <results>
      <test-suite name="C:\Dev\DependencyInjection\ObjectBuilder\Tests.ObjectBuilder.EventBroker\bin\Release\Tests.ObjectBuilder.EventBroker.dll" success="True" time="0.140" asserts="0">
        <results>
          <test-suite name="ObjectBuilder" success="True" time="0.125" asserts="0">
            <results>
              <test-suite name="EventBrokerReflectionStrategyTest" success="True" time="0.047" asserts="0">
                <results>
                  <test-case name="ObjectBuilder.EventBrokerReflectionStrategyTest.ClassWithSink" executed="True" success="True" time="0.031" asserts="0" />
                  <test-case name="ObjectBuilder.EventBrokerReflectionStrategyTest.ClassWithSource" executed="True" success="True" time="0.000" asserts="0" />
                  <test-case name="ObjectBuilder.EventBrokerReflectionStrategyTest.IgnoresNonTypeBuildKeys" executed="True" success="True" time="0.000" asserts="0" />
                  <test-case name="ObjectBuilder.EventBrokerReflectionStrategyTest.IgnoresTypesWithNoEventBrokerAttributes" executed="True" success="True" time="0.000" asserts="0" />
                </results>
              </test-suite>
              <test-suite name="EventBrokerServiceTest+AcceptanceTests" success="True" time="0.047" asserts="0">
                <results>
                  <test-case name="ObjectBuilder.EventBrokerServiceTest+AcceptanceTests.ExceptionsAreCollectedAndRethrown" executed="True" success="True" time="0.031" asserts="0" />
                  <test-case name="ObjectBuilder.EventBrokerServiceTest+AcceptanceTests.RegistrationSinkFirst" executed="True" success="True" time="0.000" asserts="0" />
                  <test-case name="ObjectBuilder.EventBrokerServiceTest+AcceptanceTests.RegistrationSourceFirst" executed="True" success="True" time="0.016" asserts="0" />
                </results>
              </test-suite>
              <test-suite name="EventBrokerServiceTest+RegisterSink" success="True" time="0.000" asserts="0">
                <results>
                  <test-case name="ObjectBuilder.EventBrokerServiceTest+RegisterSink.InvalidMethodSignature" executed="True" success="True" time="0.000" asserts="0" />
                  <test-case name="ObjectBuilder.EventBrokerServiceTest+RegisterSink.NullEventID" executed="True" success="True" time="0.000" asserts="0" />
                  <test-case name="ObjectBuilder.EventBrokerServiceTest+RegisterSink.NullMethod" executed="True" success="True" time="0.000" asserts="0" />
                  <test-case name="ObjectBuilder.EventBrokerServiceTest+RegisterSink.NullSink" executed="True" success="True" time="0.000" asserts="0" />
                </results>
              </test-suite>
              <test-suite name="EventBrokerServiceTest+RegisterSource" success="True" time="0.000" asserts="0">
                <results>
                  <test-case name="ObjectBuilder.EventBrokerServiceTest+RegisterSource.NullEvent" executed="True" success="True" time="0.000" asserts="0" />
                  <test-case name="ObjectBuilder.EventBrokerServiceTest+RegisterSource.NullEventID" executed="True" success="True" time="0.000" asserts="0" />
                  <test-case name="ObjectBuilder.EventBrokerServiceTest+RegisterSource.NullSource" executed="True" success="True" time="0.000" asserts="0" />
                </results>
              </test-suite>
              <test-suite name="EventBrokerServiceTest+UnregisterSink" success="True" time="0.016" asserts="0">
                <results>
                  <test-case name="ObjectBuilder.EventBrokerServiceTest+UnregisterSink.NullEventID" executed="True" success="True" time="0.016" asserts="0" />
                  <test-case name="ObjectBuilder.EventBrokerServiceTest+UnregisterSink.NullSink" executed="True" success="True" time="0.000" asserts="0" />
                  <test-case name="ObjectBuilder.EventBrokerServiceTest+UnregisterSink.UnregisterSinkUnwiresHandler" executed="True" success="True" time="0.000" asserts="0" />
                </results>
              </test-suite>
              <test-suite name="EventBrokerServiceTest+UnregisterSource" success="True" time="0.016" asserts="0">
                <results>
                  <test-case name="ObjectBuilder.EventBrokerServiceTest+UnregisterSource.NullEventID" executed="True" success="True" time="0.016" asserts="0" />
                  <test-case name="ObjectBuilder.EventBrokerServiceTest+UnregisterSource.NullSource" executed="True" success="True" time="0.000" asserts="0" />
                  <test-case name="ObjectBuilder.EventBrokerServiceTest+UnregisterSource.UnregisterSourceUnwiresHandler" executed="True" success="True" time="0.000" asserts="0" />
                </results>
              </test-suite>
              <test-suite name="EventBrokerServiceTest+WeakReferences" success="True" time="0.000" asserts="0">
                <results>
                  <test-case name="ObjectBuilder.EventBrokerServiceTest+WeakReferences.SinksAreStoredWithWeakReferences" executed="True" success="True" time="0.000" asserts="0" />
                  <test-case name="ObjectBuilder.EventBrokerServiceTest+WeakReferences.SourcesAreStoredWithWeakReferences" executed="True" success="True" time="0.000" asserts="0" />
                </results>
              </test-suite>
            </results>
          </test-suite>
        </results>
      </test-suite>
    </results>
  </test-suite>
</test-results>